Performing C SOURCE FILE Test CMAKE_HAVE_LIBC_PTHREAD failed with the following output:
Change Dir: /home/rasp/My_bot/build/CMakeFiles/CMakeTmp

Run Build Command(s):/bin/make cmTC_cff35/fast && /bin/make -f CMakeFiles/cmTC_cff35.dir/build.make CMakeFiles/cmTC_cff35.dir/build
make[1]: Entering directory '/home/rasp/My_bot/build/CMakeFiles/CMakeTmp'
Building C object CMakeFiles/cmTC_cff35.dir/src.c.o
/bin/cc   -DCMAKE_HAVE_LIBC_PTHREAD   -o CMakeFiles/cmTC_cff35.dir/src.c.o   -c /home/rasp/My_bot/build/CMakeFiles/CMakeTmp/src.c
Linking C executable cmTC_cff35
/usr/bin/cmake -E cmake_link_script CMakeFiles/cmTC_cff35.dir/link.txt --verbose=1
/bin/cc  -DCMAKE_HAVE_LIBC_PTHREAD    -rdynamic CMakeFiles/cmTC_cff35.dir/src.c.o  -o cmTC_cff35 
/bin/ld: CMakeFiles/cmTC_cff35.dir/src.c.o: in function `main':
src.c:(.text+0x36): undefined reference to `pthread_create'
/bin/ld: src.c:(.text+0x3e): undefined reference to `pthread_detach'
/bin/ld: src.c:(.text+0x48): undefined reference to `pthread_join'
collect2: error: ld returned 1 exit status
make[1]: *** [CMakeFiles/cmTC_cff35.dir/build.make:87: cmTC_cff35] Error 1
make[1]: Leaving directory '/home/rasp/My_bot/build/CMakeFiles/CMakeTmp'
make: *** [Makefile:121: cmTC_cff35/fast] Error 2


Source file was:
#include <pthread.h>

void* test_func(void* data)
{
  return data;
}

int main(void)
{
  pthread_t thread;
  pthread_create(&thread, NULL, test_func, NULL);
  pthread_detach(thread);
  pthread_join(thread, NULL);
  pthread_atfork(NULL, NULL, NULL);
  pthread_exit(NULL);

  return 0;
}

Determining if the function pthread_create exists in the pthreads failed with the following output:
Change Dir: /home/rasp/My_bot/build/CMakeFiles/CMakeTmp

Run Build Command(s):/bin/make cmTC_440ed/fast && /bin/make -f CMakeFiles/cmTC_440ed.dir/build.make CMakeFiles/cmTC_440ed.dir/build
make[1]: Entering directory '/home/rasp/My_bot/build/CMakeFiles/CMakeTmp'
Building C object CMakeFiles/cmTC_440ed.dir/CheckFunctionExists.c.o
/bin/cc   -DCHECK_FUNCTION_EXISTS=pthread_create   -o CMakeFiles/cmTC_440ed.dir/CheckFunctionExists.c.o   -c /usr/share/cmake-3.16/Modules/CheckFunctionExists.c
Linking C executable cmTC_440ed
/usr/bin/cmake -E cmake_link_script CMakeFiles/cmTC_440ed.dir/link.txt --verbose=1
/bin/cc  -DCHECK_FUNCTION_EXISTS=pthread_create    -rdynamic CMakeFiles/cmTC_440ed.dir/CheckFunctionExists.c.o  -o cmTC_440ed  -lpthreads 
/bin/ld: cannot find -lpthreads
collect2: error: ld returned 1 exit status
make[1]: *** [CMakeFiles/cmTC_440ed.dir/build.make:87: cmTC_440ed] Error 1
make[1]: Leaving directory '/home/rasp/My_bot/build/CMakeFiles/CMakeTmp'
make: *** [Makefile:121: cmTC_440ed/fast] Error 2



